statistics:    ET:     00:00:00 CP:    0.00 BIO:0 DIO:0 PF:0 MEM:0
&run_setup
    lattice = fodo.lte,
    use_beamline = RING,
    rootname = {NULL},
    output = {NULL},
    centroid = %s.cen,
    sigma = %s.sig,
    final = %s.fin,
    acceptance = %s.acc,
    losses = %s.loss,
    magnets = fodo.mag,
    semaphore_file = {NULL},
    parameters = {NULL},
    combine_bunch_statistics = 0,
    wrap_around = 1,
    final_pass = 0,
    default_order = 2,
    concat_order = 0,
    print_statistics = 0,
    show_element_timing = 0,
    monitor_memory_usage = 0,
    random_number_seed = 0,
    correction_iterations = 1,
    echo_lattice = 1,
    p_central = 0.000000000000000e+00,
    p_central_mev = 6.000000000000000e+03,
    always_change_p0 = 0,
    load_balancing_on = 0,
    random_sequence_No = 1,
    expand_for = {NULL},
    tracking_updates = 1,
    search_path = {NULL},
    element_divisions = 0,
&end
clock-generated random_number_seed = 1535096885
Seeding random number generators
reading from file fodo.lte
QAP:MAXAMP,X_MAX=0.01,Y_MAX=0.01,ELLIPTICAL=1;

QF:QUADRUPOLE,L=0.1,K1=3.3
QD:QUADRUPOLE,L=0.1,K1=-3.3
D:EDRIFT,L=2.0
B:CSBEND,L=1.0,ANGLE=0.01
DD:EDRIFT,L=0.5

SF:SEXTUPOLE,L=0.05,K2=100
SD:SEXTUPOLE,L=0.05,K2=-100

"DW:FP":MARK,FITPOINT=1

CELL:LINE=(DD,B,DD,QAP,QF,SF,DD,B,DD,QAP,QD,SD)

RFC:RFCA,VOLT=6000000,PHASE=10.0,FREQ=2.998E7/33.6,CHANGE_T=1

DW:WIGGLER,L=1.0,POLES=20,B=1.001

RING:LINE=(8*CELL,RFC)

RETURN
finished reading from files
statistics:    ET:     00:00:00 CP:    0.00 BIO:0 DIO:0 PF:0 MEM:0
Beginning organization of lattice input data.
statistics:    ET:     00:00:00 CP:    0.00 BIO:0 DIO:0 PF:0 MEM:0
Step 1 done.
statistics:    ET:     00:00:00 CP:    0.00 BIO:0 DIO:0 PF:0 MEM:0
Added DD to hash table
Added B to hash table
Added QAP to hash table
Added QF to hash table
Added SF to hash table
Added QD to hash table
Added SD to hash table
Added RFC to hash table
Created occurence hash table for 8 unique elements of 97 total elements
statistics:    ET:     00:00:00 CP:    0.00 BIO:0 DIO:0 PF:0 MEM:0
Step 2 done.
statistics:    ET:     00:00:00 CP:    0.00 BIO:0 DIO:0 PF:0 MEM:0
Step 3 done.
statistics:    ET:     00:00:00 CP:    0.00 BIO:0 DIO:0 PF:0 MEM:0
Step 4 done.
statistics:    ET:     00:00:00 CP:    0.00 BIO:0 DIO:0 PF:0 MEM:0
length of beamline RING per pass: 3.440000000000001e+01 m
statistics:    ET:     00:00:00 CP:    0.00 BIO:0 DIO:0 PF:0 MEM:0
&run_control
    n_steps = 1,
    bunch_frequency = 0.000000000000000e+00,
    n_indices = 1,
    n_passes = 1,
    n_passes_fiducial = 0,
    reset_rf_for_each_step = 1,
    first_is_fiducial = 0,
    restrict_fiducialization = 0,
    reset_scattering_seed = 0,
&end
statistics:    ET:     00:00:00 CP:    0.00 BIO:0 DIO:0 PF:0 MEM:0
&twiss_output
    filename = fodo.twi,
    matched = 1,
    output_at_each_step = 0,
    output_before_tune_correction = 0,
    final_values_only = 0,
    statistics = 0,
    radiation_integrals = 1,
    beta_x = 1.000000000000000e+00,
    alpha_x = 0.000000000000000e+00,
    eta_x = 0.000000000000000e+00,
    etap_x = 0.000000000000000e+00,
    beta_y = 1.000000000000000e+00,
    alpha_y = 0.000000000000000e+00,
    eta_y = 0.000000000000000e+00,
    etap_y = 0.000000000000000e+00,
    reference_file = {NULL},
    reference_element = {NULL},
    reference_element_occurrence = 0,
    reflect_reference_values = 0,
    concat_order = 3,
    higher_order_chromaticity = 1,
    higher_order_chromaticity_points = 5,
    higher_order_chromaticity_range = 4.000000000000000e-04,
    quick_higher_order_chromaticity = 0,
    chromatic_tune_spread_half_range = 0.000000000000000e+00,
    cavities_are_drifts_if_matched = 1,
    compute_driving_terms = 1,
    leading_order_driving_terms_only = 1,
    s_dependent_driving_terms_file = driving_terms.out,
    local_dispersion = 1,
    n_periods = 1,
&end
81 matrices recomputed for periodic Twiss parameter computation
statistics:    ET:     00:00:00 CP:    0.01 BIO:0 DIO:0 PF:0 MEM:0
periodic Twiss parameters (chromaticity valid for fully second-order calculation only!):
         beta          alpha           nu           eta          eta'       dnu/d(dp/p)   dbeta/(dp/p)     accept.
          m                          1/2pi           m                         1/2pi            m          mm-mrad
--------------------------------------------------------------------------------------------------------------------
  x:  4.392851e+00 -7.400524e-01  9.091754e-01  1.473674e-01  2.416531e-02  2.683184e+00 -1.564957e+01  1.141436e+01
  y:  8.624782e+00  1.427498e+00  9.083856e-01  0.000000e+00  0.000000e+00  2.714847e-01  2.905294e+00  1.140457e+01
x acceptance limited to 1.141436e-05 by DD ending at 3.210000e+01 m
y acceptance limited to 1.140457e-05 by DD ending at 1.275000e+01 m
statistics:    ET:     00:00:00 CP:    0.08 BIO:0 DIO:0 PF:0 MEM:0
&bunched_beam
    bunch = %s.bun,
    n_particles_per_bunch = 1000,
    time_start = 0.000000000000000e+00,
    matched_to_cell = {NULL},
    emit_x = 1.000000000000000e-08,
    emit_nx = 0.000000000000000e+00,
    beta_x = 1.000000000000000e+02,
    alpha_x = 0.000000000000000e+00,
    eta_x = 0.000000000000000e+00,
    etap_x = 0.000000000000000e+00,
    emit_y = 1.000000000000000e-08,
    emit_ny = 0.000000000000000e+00,
    beta_y = 1.000000000000000e+02,
    alpha_y = 0.000000000000000e+00,
    eta_y = 0.000000000000000e+00,
    etap_y = 0.000000000000000e+00,
    use_twiss_command_values = 0,
    Po = 1.174170457378141e+04,
    sigma_dp = 0.000000000000000e+00,
    sigma_s = 0.000000000000000e+00,
    dp_s_coupling = 0.000000000000000e+00,
    emit_z = 0.000000000000000e+00,
    beta_z = 0.000000000000000e+00,
    alpha_z = 0.000000000000000e+00,
    momentum_chirp = 0.000000000000000e+00,
    one_random_bunch = 1,
    save_initial_coordinates = 1,
    limit_invariants = 0,
    symmetrize = 0,
    halton_sequence[0] = 0, 0, 0,
    halton_radix[0] = 0, 0, 0, 0, 0, 0,
    optimized_halton = 0,
    randomize_order[0] = 0, 0, 0,
    limit_in_4d = 0,
    enforce_rms_values[0] = 0, 0, 0,
    distribution_cutoff[0] = 1.000000000000000e+00, 1.000000000000000e+00, 2.000000000000000e+00,
    distribution_type[0] = uniform-ellipse, uniform-ellipse, gaussian,
    centroid[0] = 0.000000000000000e+00, 0.000000000000000e+00, 0.000000000000000e+00, 0.000000000000000e+00, 
        0.000000000000000e+00, 0.000000000000000e+00,
    first_is_fiducial = 0,
&end
statistics:    ET:     00:00:00 CP:    0.10 BIO:0 DIO:0 PF:0 MEM:0
&track
    center_on_orbit = 0,
    center_momentum_also = 1,
    offset_by_orbit = 0,
    offset_momentum_also = 1,
    soft_failure = 1,
    use_linear_chromatic_matrix = 0,
    longitudinal_ring_only = 0,
    ibs_only = 0,
    stop_tracking_particle_limit = -1,
&end
index 0 has a limit of <= 0